Archive:  land-train.zip
   creating: land-train/
  inflating: land-train/949235_mask.png  
  inflating: land-train/164029_sat.jpg  
  inflating: land-train/439854_mask.png  
  inflating: land-train/534154_sat.jpg  
  inflating: land-train/200561_mask.png  
  inflating: land-train/180902_sat.jpg  
  inflating: land-train/864488_mask.png  
   creating: __MACOSX/
   creating: __MACOSX/land-train/
  inflating: __MACOSX/land-train/._864488_mask.png  
  inflating: land-train/276761_mask.png  
  inflating: land-train/266_mask.png  
  inflating: __MACOSX/land-train/._266_mask.png  
  inflating: land-train/78430_mask.png  
  inflating: land-train/983603_mask.png  
  inflating: land-train/950926_mask.png  
  inflating: land-train/78298_mask.png  
  inflating: land-train/15573_mask.png  
  inflating: land-train/927126_sat.jpg  
  inflating: land-train/628479_mask.png  
  inflating: land-train/442329_mask.png  
  inflating: land-train/678520_mask.png  
  inflating: land-train/185562_sat.jpg  
  inflating: land-train/707319_mask.png  
  inflating: land-train/479682_sat.jpg  
  inflating: land-train/95683_sat.jpg  
  inflating: land-train/170535_mask.png  
  inflating: land-train/298817_mask.png  
  inflating: land-train/504704_mask.png  
  inflating: land-train/652883_sat.jpg  
  inflating: land-train/639149_sat.jpg  
  inflating: __MACOSX/land-train/._639149_sat.jpg  
  inflating: land-train/200561_sat.jpg  
  inflating: land-train/715846_mask.png  
  inflating: land-train/572237_mask.png  
  inflating: land-train/245846_mask.png  
  inflating: land-train/134465_mask.png  
  inflating: land-train/6399_sat.jpg  
  inflating: land-train/552001_mask.png  
  inflating: land-train/442338_sat.jpg  
  inflating: land-train/967818_sat.jpg  
  inflating: land-train/166293_mask.png  
  inflating: land-train/767012_sat.jpg  
  inflating: land-train/607622_mask.png  
  inflating: land-train/768475_sat.jpg  
  inflating: land-train/845069_sat.jpg  
  inflating: land-train/890145_mask.png  
  inflating: land-train/673927_mask.png  
  inflating: land-train/675849_mask.png  
  inflating: land-train/467855_mask.png  
  inflating: land-train/990619_mask.png  
  inflating: land-train/723719_sat.jpg  
  inflating: land-train/126796_sat.jpg  
  inflating: land-train/428841_mask.png  
  inflating: land-train/924236_mask.png  
  inflating: land-train/930028_sat.jpg  
  inflating: land-train/514385_sat.jpg  
  inflating: __MACOSX/land-train/._514385_sat.jpg  
  inflating: land-train/688544_sat.jpg  
  inflating: land-train/728521_mask.png  
  inflating: land-train/591815_sat.jpg  
  inflating: land-train/609234_sat.jpg  
  inflating: land-train/340898_mask.png  
  inflating: land-train/753408_sat.jpg  
  inflating: land-train/362191_mask.png  
  inflating: land-train/937922_mask.png  
  inflating: land-train/606370_sat.jpg  
  inflating: land-train/802645_mask.png  
  inflating: land-train/749375_sat.jpg  
  inflating: land-train/174980_sat.jpg  
  inflating: land-train/156574_mask.png  
  inflating: land-train/552396_sat.jpg  
  inflating: land-train/462612_mask.png  
  inflating: land-train/888343_sat.jpg  
  inflating: land-train/210436_mask.png  
  inflating: land-train/277994_mask.png  
  inflating: land-train/66344_mask.png  
  inflating: land-train/417313_mask.png  
  inflating: land-train/411741_sat.jpg  
  inflating: land-train/34567_sat.jpg  
  inflating: land-train/574789_sat.jpg  
  inflating: land-train/544464_mask.png  
  inflating: land-train/277644_sat.jpg  
  inflating: land-train/994520_mask.png  
  inflating: land-train/427037_sat.jpg  
  inflating: land-train/548686_mask.png  
  inflating: land-train/942307_mask.png  
  inflating: land-train/599975_sat.jpg  
  inflating: land-train/625296_sat.jpg  
  inflating: __MACOSX/land-train/._625296_sat.jpg  
  inflating: land-train/208695_mask.png  
  inflating: __MACOSX/land-train/._208695_mask.png  
  inflating: land-train/669156_mask.png  
  inflating: land-train/634717_mask.png  
  inflating: land-train/168514_mask.png  
  inflating: land-train/491696_sat.jpg  
  inflating: land-train/192576_sat.jpg  
  inflating: land-train/619800_mask.png  
  inflating: land-train/613687_mask.png  
  inflating: land-train/900985_sat.jpg  
  inflating: land-train/911457_mask.png  
  inflating: land-train/24813_sat.jpg  
  inflating: land-train/29419_sat.jpg  
  inflating: land-train/878990_sat.jpg  
  inflating: land-train/830444_sat.jpg  
  inflating: land-train/159322_mask.png  
  inflating: land-train/620018_mask.png  
  inflating: land-train/142766_mask.png  
  inflating: land-train/845069_mask.png  
  inflating: land-train/513968_sat.jpg  
  inflating: land-train/114433_sat.jpg  
  inflating: land-train/606_sat.jpg  
  inflating: land-train/615420_mask.png  
  inflating: land-train/699650_sat.jpg  
  inflating: __MACOSX/land-train/._699650_sat.jpg  
  inflating: land-train/911457_sat.jpg  
  inflating: land-train/805150_mask.png  
  inflating: land-train/988517_sat.jpg  
  inflating: __MACOSX/land-train/._988517_sat.jpg  
  inflating: land-train/343425_sat.jpg  
  inflating: land-train/584941_mask.png  
  inflating: land-train/40168_mask.png  
  inflating: land-train/611015_mask.png  
  inflating: land-train/763075_mask.png  
  inflating: __MACOSX/land-train/._763075_mask.png  
  inflating: land-train/461755_mask.png  
  inflating: land-train/708588_sat.jpg  
  inflating: land-train/602453_sat.jpg  
  inflating: land-train/644150_mask.png  
  inflating: land-train/351228_sat.jpg  
  inflating: land-train/602453_mask.png  
  inflating: land-train/315848_sat.jpg  
  inflating: land-train/382428_mask.png  
  inflating: __MACOSX/land-train/._382428_mask.png  
  inflating: land-train/943463_sat.jpg  
  inflating: land-train/849797_mask.png  
  inflating: land-train/715633_sat.jpg  
  inflating: land-train/954552_sat.jpg  
  inflating: land-train/679036_sat.jpg  
  inflating: land-train/714414_sat.jpg  
  inflating: land-train/533948_mask.png  
  inflating: land-train/855_mask.png  
  inflating: land-train/37586_sat.jpg  
  inflating: land-train/496948_sat.jpg  
  inflating: land-train/123172_sat.jpg  
  inflating: land-train/337272_sat.jpg  
  inflating: land-train/801361_mask.png  
  inflating: land-train/877160_mask.png  
  inflating: land-train/509290_sat.jpg  
  inflating: land-train/311386_mask.png  
  inflating: land-train/538243_mask.png  
  inflating: land-train/10452_mask.png  
  inflating: land-train/142766_sat.jpg  
  inflating: land-train/262885_sat.jpg  
  inflating: land-train/34359_mask.png  
  inflating: land-train/853702_sat.jpg  
  inflating: __MACOSX/land-train/._853702_sat.jpg  
  inflating: land-train/639004_mask.png  
  inflating: land-train/420078_sat.jpg  
  inflating: land-train/850510_sat.jpg  
  inflating: land-train/160037_sat.jpg  
  inflating: land-train/941237_mask.png  
  inflating: land-train/939614_mask.png  
  inflating: land-train/759855_mask.png  
  inflating: land-train/347676_mask.png  
  inflating: land-train/908837_sat.jpg  
  inflating: __MACOSX/land-train/._908837_sat.jpg  
  inflating: land-train/449319_mask.png  
  inflating: land-train/491491_sat.jpg  
  inflating: land-train/899693_mask.png  
  inflating: land-train/120245_sat.jpg  
  inflating: land-train/499161_sat.jpg  
  inflating: land-train/158163_sat.jpg  
  inflating: __MACOSX/land-train/._158163_sat.jpg  
  inflating: land-train/772130_sat.jpg  
  inflating: land-train/665914_mask.png  
  inflating: land-train/895509_sat.jpg  
  inflating: land-train/95863_sat.jpg  
  inflating: land-train/437963_sat.jpg  
  inflating: land-train/467076_mask.png  
  inflating: land-train/432089_sat.jpg  
  inflating: land-train/457982_mask.png  
  inflating: land-train/143794_sat.jpg  
  inflating: land-train/740937_mask.png  
  inflating: land-train/221278_sat.jpg  
  inflating: land-train/499511_mask.png  
  inflating: land-train/825592_sat.jpg  
  inflating: land-train/267065_sat.jpg  
  inflating: land-train/530040_sat.jpg  
  inflating: land-train/965977_mask.png  
  inflating: land-train/642909_sat.jpg  
  inflating: land-train/345134_sat.jpg  
  inflating: land-train/427774_mask.png  
  inflating: land-train/512669_sat.jpg  
  inflating: land-train/34359_sat.jpg  
  inflating: land-train/794214_mask.png  
  inflating: land-train/806805_sat.jpg  
  inflating: land-train/176506_sat.jpg  
  inflating: land-train/925382_sat.jpg  
  inflating: land-train/499418_mask.png  
  inflating: land-train/935193_sat.jpg  
  inflating: land-train/65170_mask.png  
  inflating: land-train/170535_sat.jpg  
  inflating: land-train/294697_sat.jpg  
  inflating: land-train/225393_mask.png  
  inflating: land-train/443271_sat.jpg  
  inflating: land-train/949559_mask.png  
  inflating: land-train/309818_mask.png  
  inflating: land-train/28935_mask.png  
  inflating: land-train/616234_mask.png  
  inflating: land-train/332354_mask.png  
  inflating: land-train/940229_mask.png  
  inflating: land-train/329017_mask.png  
  inflating: land-train/78298_sat.jpg  
  inflating: land-train/638168_sat.jpg  
  inflating: land-train/571520_mask.png  
  inflating: land-train/946475_mask.png  
  inflating: land-train/557309_sat.jpg  
  inflating: land-train/103665_sat.jpg  
  inflating: land-train/990573_sat.jpg  
  inflating: land-train/141685_sat.jpg  
  inflating: land-train/635841_sat.jpg  
  inflating: land-train/924236_sat.jpg  
  inflating: land-train/280703_sat.jpg  
  inflating: land-train/20187_mask.png  
  inflating: land-train/139482_mask.png  
  inflating: land-train/7791_sat.jpg  
  inflating: land-train/96841_sat.jpg  
  inflating: land-train/508571_sat.jpg  
  inflating: land-train/143353_mask.png  
  inflating: land-train/424590_mask.png  
  inflating: land-train/672041_sat.jpg  
  inflating: land-train/283326_sat.jpg  
  inflating: land-train/528163_sat.jpg  
  inflating: land-train/276912_mask.png  
  inflating: land-train/499600_sat.jpg  
  inflating: land-train/696257_mask.png  
  inflating: land-train/533952_sat.jpg  
  inflating: land-train/651537_sat.jpg  
  inflating: land-train/557175_sat.jpg  
  inflating: land-train/207743_sat.jpg  
  inflating: land-train/316446_sat.jpg  
  inflating: land-train/998002_mask.png  
  inflating: land-train/916141_sat.jpg  
  inflating: land-train/575902_mask.png  
  inflating: land-train/149624_sat.jpg  
  inflating: land-train/.DS_Store    
  inflating: __MACOSX/land-train/._.DS_Store  
  inflating: land-train/326173_mask.png  
  inflating: land-train/603617_sat.jpg  
  inflating: land-train/524518_sat.jpg  
  inflating: land-train/137806_sat.jpg  
  inflating: land-train/252743_sat.jpg  
  inflating: land-train/405378_sat.jpg  
  inflating: land-train/119012_sat.jpg  
  inflating: land-train/897901_sat.jpg  
  inflating: land-train/219555_mask.png  
  inflating: land-train/612214_mask.png  
  inflating: land-train/232373_mask.png  
  inflating: land-train/949235_sat.jpg  
  inflating: land-train/438721_sat.jpg  
  inflating: land-train/185562_mask.png  
  inflating: land-train/565914_mask.png  
  inflating: land-train/393043_mask.png  
  inflating: land-train/651774_sat.jpg  
  inflating: land-train/906113_sat.jpg  
  inflating: land-train/969934_mask.png  
  inflating: land-train/831146_sat.jpg  
  inflating: land-train/77669_sat.jpg  
  inflating: land-train/172854_sat.jpg  
  inflating: land-train/338798_sat.jpg  
  inflating: land-train/723067_mask.png  
  inflating: land-train/900985_mask.png  
  inflating: land-train/418261_mask.png  
  inflating: land-train/412210_mask.png  
  inflating: land-train/827126_sat.jpg  
  inflating: land-train/148260_mask.png  
  inflating: land-train/956928_sat.jpg  
  inflating: land-train/623857_mask.png  
  inflating: land-train/501804_sat.jpg  
  inflating: land-train/903649_mask.png  
  inflating: land-train/72807_sat.jpg  
  inflating: land-train/747824_sat.jpg  
  inflating: land-train/923618_mask.png  
  inflating: land-train/557175_mask.png  
  inflating: land-train/413779_mask.png  
  inflating: land-train/217085_sat.jpg  
  inflating: land-train/749523_mask.png  
  inflating: land-train/365555_sat.jpg  
  inflating: land-train/912087_sat.jpg  
  inflating: land-train/294697_mask.png  
  inflating: land-train/2774_sat.jpg  
  inflating: land-train/126796_mask.png  
  inflating: land-train/668465_sat.jpg  
  inflating: land-train/458776_sat.jpg  
  inflating: land-train/10233_sat.jpg  
  inflating: land-train/482365_sat.jpg  
  inflating: land-train/810368_mask.png  
  inflating: land-train/618372_sat.jpg  
  inflating: land-train/987079_mask.png  
  inflating: land-train/774779_sat.jpg  
  inflating: land-train/549870_sat.jpg  
  inflating: land-train/552206_mask.png  
  inflating: land-train/550312_sat.jpg  
  inflating: land-train/570992_sat.jpg  
  inflating: land-train/664140_sat.jpg  
  inflating: land-train/864488_sat.jpg  
  inflating: __MACOSX/land-train/._864488_sat.jpg  
  inflating: land-train/853702_mask.png  
  inflating: __MACOSX/land-train/._853702_mask.png  
  inflating: land-train/461755_sat.jpg  
  inflating: land-train/139581_mask.png  
  inflating: land-train/40350_mask.png  
  inflating: land-train/798411_mask.png  
  inflating: land-train/946408_sat.jpg  
  inflating: land-train/176506_mask.png  
  inflating: land-train/28689_mask.png  
  inflating: land-train/943463_mask.png  
  inflating: land-train/568270_sat.jpg  
  inflating: land-train/659953_mask.png  
  inflating: land-train/725646_mask.png  
  inflating: land-train/961407_sat.jpg  
  inflating: land-train/717225_mask.png  
  inflating: land-train/307626_mask.png  
  inflating: land-train/192602_mask.png  
  inflating: land-train/927644_mask.png  
  inflating: land-train/176112_mask.png  
  inflating: land-train/119079_sat.jpg  
  inflating: land-train/706996_sat.jpg  
  inflating: land-train/622733_mask.png  
  inflating: land-train/588542_mask.png  
  inflating: land-train/352808_sat.jpg  
  inflating: land-train/682688_sat.jpg  
  inflating: land-train/994520_sat.jpg  
  inflating: land-train/810749_mask.png  
  inflating: land-train/912620_mask.png  
  inflating: land-train/561117_mask.png  
  inflating: land-train/708588_mask.png  
  inflating: land-train/129298_sat.jpg  
  inflating: land-train/442329_sat.jpg  
  inflating: land-train/652733_mask.png  
  inflating: land-train/624916_sat.jpg  
  inflating: land-train/194156_mask.png  
  inflating: land-train/351727_mask.png  
  inflating: land-train/518833_sat.jpg  
  inflating: land-train/946408_mask.png  
  inflating: land-train/69628_mask.png  
  inflating: __MACOSX/land-train/._69628_mask.png  
  inflating: land-train/857201_sat.jpg  
  inflating: land-train/77388_sat.jpg  
  inflating: land-train/192918_mask.png  
  inflating: land-train/225945_mask.png  
  inflating: land-train/857201_mask.png  
  inflating: land-train/100694_sat.jpg  
  inflating: land-train/552396_mask.png  
  inflating: land-train/748225_sat.jpg  
  inflating: land-train/78430_sat.jpg  
  inflating: land-train/621206_sat.jpg  
  inflating: land-train/358591_mask.png  
  inflating: land-train/148260_sat.jpg  
  inflating: land-train/471930_mask.png  
  inflating: land-train/168514_sat.jpg  
  inflating: land-train/613687_sat.jpg  
  inflating: land-train/858771_mask.png  
  inflating: land-train/759855_sat.jpg  
  inflating: land-train/430587_sat.jpg  
  inflating: __MACOSX/land-train/._430587_sat.jpg  
  inflating: land-train/26261_mask.png  
  inflating: land-train/784518_mask.png  
  inflating: land-train/642909_mask.png  
  inflating: land-train/507241_mask.png  
  inflating: land-train/762937_mask.png  
  inflating: land-train/28559_sat.jpg  
  inflating: land-train/866782_mask.png  
  inflating: land-train/827126_mask.png  
  inflating: land-train/204562_mask.png  
  inflating: land-train/549959_mask.png  
  inflating: land-train/548686_sat.jpg  
  inflating: land-train/298396_mask.png  
  inflating: land-train/829962_sat.jpg  
  inflating: land-train/916518_mask.png  
  inflating: land-train/605707_mask.png  
  inflating: land-train/739122_sat.jpg  
  inflating: land-train/454655_sat.jpg  
  inflating: land-train/732669_sat.jpg  
  inflating: land-train/889145_mask.png  
  inflating: land-train/771393_sat.jpg  
  inflating: land-train/26261_sat.jpg  
  inflating: land-train/934795_sat.jpg  
  inflating: land-train/263576_sat.jpg  
  inflating: land-train/300967_mask.png  
  inflating: __MACOSX/land-train/._300967_mask.png  
  inflating: land-train/267065_mask.png  
  inflating: land-train/919051_sat.jpg  
  inflating: land-train/635157_sat.jpg  
  inflating: land-train/660069_sat.jpg  
  inflating: land-train/841621_mask.png  
  inflating: land-train/322400_mask.png  
  inflating: land-train/608673_sat.jpg  
  inflating: land-train/587968_mask.png  
  inflating: land-train/195769_sat.jpg  
  inflating: __MACOSX/land-train/._195769_sat.jpg  
  inflating: land-train/935318_sat.jpg  
  inflating: land-train/987079_sat.jpg  
  inflating: land-train/331533_sat.jpg  
  inflating: land-train/916518_sat.jpg  
  inflating: land-train/20187_sat.jpg  
  inflating: land-train/129297_mask.png  
  inflating: land-train/471187_mask.png  
  inflating: land-train/547785_mask.png  
  inflating: land-train/229383_mask.png  
  inflating: land-train/396979_mask.png  
  inflating: land-train/218329_sat.jpg  
  inflating: land-train/644103_mask.png  
  inflating: land-train/772567_mask.png  
  inflating: land-train/147545_sat.jpg  
  inflating: land-train/627806_mask.png  
  inflating: land-train/715633_mask.png  
  inflating: land-train/940229_sat.jpg  
  inflating: land-train/226788_sat.jpg  
  inflating: land-train/311386_sat.jpg  
  inflating: land-train/219555_sat.jpg  
  inflating: land-train/730889_mask.png  
  inflating: land-train/600230_sat.jpg  
  inflating: land-train/271245_sat.jpg  
  inflating: land-train/211316_mask.png  
  inflating: land-train/277644_mask.png  
  inflating: land-train/873132_sat.jpg  
  inflating: land-train/119_mask.png  
  inflating: land-train/740937_sat.jpg  
  inflating: land-train/96870_mask.png  
  inflating: land-train/329017_sat.jpg  
  inflating: land-train/256189_mask.png  
  inflating: land-train/958443_mask.png  
  inflating: land-train/533952_mask.png  
  inflating: land-train/208495_mask.png  
  inflating: land-train/902350_mask.png  
  inflating: land-train/650253_sat.jpg  
  inflating: land-train/586670_mask.png  
  inflating: land-train/298396_sat.jpg  
  inflating: land-train/442338_mask.png  
  inflating: land-train/291214_sat.jpg  
  inflating: land-train/479682_mask.png  
  inflating: land-train/461001_sat.jpg  
  inflating: land-train/651312_sat.jpg  
  inflating: land-train/990617_sat.jpg  
  inflating: land-train/626323_sat.jpg  
  inflating: land-train/811075_mask.png  
  inflating: land-train/686781_mask.png  
  inflating: land-train/79049_sat.jpg  
  inflating: land-train/830444_mask.png  
  inflating: land-train/841621_sat.jpg  
  inflating: land-train/350033_sat.jpg  
  inflating: land-train/514385_mask.png  
  inflating: __MACOSX/land-train/._514385_mask.png  
  inflating: land-train/351727_sat.jpg  
  inflating: land-train/855_sat.jpg  
  inflating: land-train/449319_sat.jpg  
  inflating: land-train/147716_mask.png  
  inflating: land-train/882451_mask.png  
  inflating: land-train/24813_mask.png  
  inflating: land-train/120625_mask.png  
  inflating: land-train/530040_mask.png  
  inflating: land-train/485061_mask.png  
  inflating: land-train/406425_mask.png  
  inflating: land-train/751939_mask.png  
  inflating: land-train/268881_mask.png  
  inflating: land-train/235869_mask.png  
  inflating: land-train/499266_sat.jpg  
  inflating: land-train/978039_mask.png  
  inflating: land-train/860326_mask.png  
  inflating: land-train/711893_mask.png  
  inflating: land-train/455374_mask.png  
  inflating: land-train/362191_sat.jpg  
  inflating: land-train/880610_sat.jpg  
  inflating: land-train/115444_sat.jpg  
  inflating: land-train/556452_sat.jpg  
  inflating: land-train/454655_mask.png  
  inflating: land-train/628479_sat.jpg  
  inflating: land-train/7906_mask.png  
  inflating: land-train/382428_sat.jpg  
  inflating: __MACOSX/land-train/._382428_sat.jpg  
  inflating: land-train/247179_mask.png  
  inflating: land-train/114577_sat.jpg  
  inflating: land-train/103730_sat.jpg  
  inflating: land-train/639004_sat.jpg  
  inflating: land-train/559477_mask.png  
  inflating: land-train/276912_sat.jpg  
  inflating: land-train/861353_mask.png  
  inflating: land-train/811075_sat.jpg  
  inflating: land-train/634421_mask.png  
  inflating: land-train/347725_sat.jpg  
  inflating: land-train/402209_sat.jpg  
  inflating: land-train/556452_mask.png  
  inflating: land-train/280703_mask.png  
  inflating: land-train/147716_sat.jpg  
  inflating: land-train/111335_mask.png  
  inflating: land-train/286339_mask.png  
  inflating: land-train/703413_sat.jpg  
  inflating: land-train/711893_sat.jpg  
  inflating: land-train/893904_sat.jpg  
  inflating: land-train/761189_sat.jpg  
  inflating: land-train/839012_mask.png  
  inflating: land-train/609234_mask.png  
  inflating: land-train/717225_sat.jpg  
  inflating: land-train/847604_mask.png  
  inflating: land-train/81039_sat.jpg  
  inflating: land-train/503968_mask.png  
  inflating: land-train/137806_mask.png  
  inflating: land-train/860326_sat.jpg  
  inflating: land-train/444902_sat.jpg  
  inflating: land-train/629198_mask.png  
  inflating: land-train/324170_mask.png  
  inflating: land-train/148381_mask.png  
  inflating: land-train/547201_mask.png  
  inflating: land-train/848728_mask.png  
  inflating: land-train/715846_sat.jpg  
  inflating: land-train/16453_mask.png  
  inflating: land-train/651312_mask.png  
  inflating: land-train/916336_sat.jpg  
  inflating: land-train/799523_mask.png  
  inflating: land-train/947994_mask.png  
  inflating: land-train/77669_mask.png  
  inflating: land-train/841404_mask.png  
  inflating: land-train/252743_mask.png  
  inflating: land-train/652883_mask.png  
  inflating: land-train/679507_mask.png  
  inflating: land-train/838669_mask.png  
  inflating: land-train/617844_sat.jpg  
  inflating: __MACOSX/land-train/._617844_sat.jpg  
  inflating: land-train/753408_mask.png  
  inflating: land-train/970925_mask.png  
  inflating: land-train/867349_mask.png  
  inflating: land-train/838873_sat.jpg  
  inflating: land-train/919051_mask.png  
  inflating: land-train/210669_sat.jpg  
  inflating: land-train/868003_mask.png  
  inflating: land-train/692982_sat.jpg  
  inflating: land-train/352808_mask.png  
  inflating: land-train/315352_mask.png  
  inflating: __MACOSX/land-train/._315352_mask.png  
  inflating: land-train/768475_mask.png  
  inflating: land-train/485061_sat.jpg  
  inflating: land-train/528163_mask.png  
  inflating: land-train/626208_mask.png  
  inflating: land-train/772130_mask.png  
  inflating: land-train/839012_sat.jpg  
  inflating: land-train/875327_mask.png  
  inflating: land-train/143353_sat.jpg  
  inflating: land-train/596837_mask.png  
  inflating: __MACOSX/land-train/._596837_mask.png  
  inflating: land-train/10452_sat.jpg  
  inflating: land-train/875328_sat.jpg  
  inflating: land-train/147545_mask.png  
  inflating: land-train/343016_sat.jpg  
  inflating: land-train/340798_mask.png  
  inflating: land-train/702918_mask.png  
  inflating: land-train/95613_mask.png  
  inflating: land-train/632489_sat.jpg  
  inflating: land-train/918446_mask.png  
  inflating: land-train/759668_mask.png  
  inflating: land-train/438721_mask.png  
  inflating: land-train/10901_mask.png  
  inflating: land-train/570332_sat.jpg  
  inflating: land-train/638168_mask.png  
  inflating: land-train/27460_mask.png  
  inflating: land-train/757745_sat.jpg  
  inflating: land-train/638937_mask.png  
  inflating: land-train/461001_mask.png  
  inflating: land-train/515521_sat.jpg  
  inflating: land-train/548423_sat.jpg  
  inflating: __MACOSX/land-train/._548423_sat.jpg  
  inflating: land-train/337272_mask.png  
  inflating: land-train/181447_mask.png  
  inflating: __MACOSX/land-train/._181447_mask.png  
  inflating: land-train/726265_sat.jpg  
  inflating: land-train/714414_mask.png  
  inflating: land-train/419820_mask.png  
  inflating: land-train/508676_mask.png  
  inflating: land-train/318338_sat.jpg  
  inflating: land-train/2334_sat.jpg  
  inflating: land-train/195769_mask.png  
  inflating: __MACOSX/land-train/._195769_mask.png  
  inflating: land-train/124529_mask.png  
  inflating: land-train/468103_mask.png  
  inflating: land-train/733758_sat.jpg  
  inflating: land-train/559477_sat.jpg  
  inflating: land-train/625296_mask.png  
  inflating: __MACOSX/land-train/._625296_mask.png  
  inflating: land-train/661864_mask.png  
  inflating: land-train/443271_mask.png  
  inflating: land-train/749523_sat.jpg  
  inflating: land-train/98150_sat.jpg  
  inflating: land-train/2774_mask.png  
  inflating: land-train/218329_mask.png  
  inflating: land-train/61245_mask.png  
  inflating: land-train/762359_sat.jpg  
  inflating: land-train/158163_mask.png  
  inflating: __MACOSX/land-train/._158163_mask.png  
  inflating: land-train/58910_sat.jpg  
  inflating: __MACOSX/land-train/._58910_sat.jpg  
  inflating: land-train/730821_sat.jpg  
  inflating: land-train/513585_sat.jpg  
  inflating: land-train/467076_sat.jpg  
  inflating: land-train/876248_mask.png  
  inflating: land-train/331421_sat.jpg  
  inflating: land-train/122178_mask.png  
  inflating: land-train/210669_mask.png  
  inflating: land-train/513585_mask.png  
  inflating: land-train/242583_sat.jpg  
  inflating: land-train/841286_sat.jpg  
  inflating: land-train/834433_sat.jpg  
  inflating: land-train/601966_mask.png  
  inflating: land-train/675424_sat.jpg  
  inflating: land-train/923223_mask.png  
  inflating: land-train/676758_mask.png  
  inflating: land-train/209787_sat.jpg  
  inflating: land-train/331994_mask.png  
  inflating: land-train/204494_mask.png  
  inflating: land-train/695475_sat.jpg  
  inflating: land-train/428597_mask.png  
  inflating: land-train/634717_sat.jpg  
  inflating: land-train/825816_sat.jpg  
  inflating: land-train/867017_sat.jpg  
  inflating: land-train/664396_sat.jpg  
  inflating: land-train/803958_sat.jpg  
  inflating: land-train/660933_sat.jpg  
  inflating: land-train/340898_sat.jpg  
  inflating: land-train/556572_mask.png  
  inflating: land-train/58864_mask.png  
  inflating: __MACOSX/land-train/._58864_mask.png  
  inflating: land-train/296279_mask.png  
  inflating: land-train/621206_mask.png  
  inflating: land-train/877160_sat.jpg  
  inflating: land-train/688544_mask.png  
  inflating: land-train/242583_mask.png  
  inflating: land-train/45357_mask.png  
  inflating: __MACOSX/land-train/._45357_mask.png  
  inflating: land-train/930491_mask.png  
  inflating: land-train/605037_sat.jpg  
  inflating: land-train/880610_mask.png  
  inflating: land-train/599842_sat.jpg  
  inflating: land-train/159280_mask.png  
  inflating: land-train/334677_mask.png  
  inflating: land-train/192576_mask.png  
  inflating: land-train/343016_mask.png  
  inflating: land-train/211739_sat.jpg  
  inflating: land-train/533948_sat.jpg  
  inflating: land-train/299287_mask.png  
  inflating: land-train/7791_mask.png  
  inflating: land-train/80318_mask.png  
  inflating: land-train/172307_mask.png  
  inflating: land-train/420066_mask.png  
  inflating: land-train/383637_mask.png  
  inflating: land-train/114433_mask.png  
  inflating: land-train/157839_sat.jpg  
  inflating: land-train/544537_sat.jpg  
  inflating: land-train/338661_mask.png  
  inflating: land-train/875409_mask.png  
  inflating: __MACOSX/land-train/._875409_mask.png  
  inflating: land-train/495876_mask.png  
  inflating: land-train/269601_sat.jpg  
  inflating: __MACOSX/land-train/._269601_sat.jpg  
  inflating: land-train/254565_sat.jpg  
  inflating: land-train/930028_mask.png  
  inflating: land-train/37586_mask.png  
  inflating: land-train/423117_sat.jpg  
  inflating: land-train/428841_sat.jpg  
  inflating: land-train/34330_sat.jpg  
  inflating: __MACOSX/land-train/._34330_sat.jpg  
  inflating: land-train/350033_mask.png  
  inflating: land-train/21717_sat.jpg  
  inflating: land-train/282120_mask.png  
  inflating: land-train/51911_mask.png  
  inflating: land-train/387018_sat.jpg  
  inflating: land-train/125510_sat.jpg  
  inflating: land-train/763075_sat.jpg  
  inflating: __MACOSX/land-train/._763075_sat.jpg  
  inflating: land-train/588542_sat.jpg  
  inflating: land-train/294978_mask.png  
  inflating: land-train/277900_mask.png  
  inflating: land-train/192602_sat.jpg  
  inflating: land-train/641771_sat.jpg  
  inflating: land-train/162310_mask.png  
  inflating: land-train/650751_mask.png  
  inflating: __MACOSX/land-train/._650751_mask.png  
  inflating: land-train/124529_sat.jpg  
  inflating: land-train/805150_sat.jpg  
  inflating: land-train/691384_sat.jpg  
  inflating: land-train/927644_sat.jpg  
  inflating: land-train/639149_mask.png  
  inflating: __MACOSX/land-train/._639149_mask.png  
  inflating: land-train/40350_sat.jpg  
  inflating: land-train/828684_sat.jpg  
  inflating: land-train/375563_mask.png  
  inflating: __MACOSX/land-train/._375563_mask.png  
  inflating: land-train/669010_mask.png  
  inflating: land-train/882451_sat.jpg  
  inflating: land-train/397864_mask.png  
  inflating: land-train/2334_mask.png  
  inflating: land-train/820543_sat.jpg  
  inflating: __MACOSX/land-train/._820543_sat.jpg  
  inflating: land-train/498049_sat.jpg  
  inflating: land-train/499266_mask.png  
  inflating: land-train/626323_mask.png  
  inflating: land-train/315352_sat.jpg  
  inflating: __MACOSX/land-train/._315352_sat.jpg  
  inflating: land-train/501804_mask.png  
  inflating: land-train/457265_mask.png  
  inflating: land-train/208495_sat.jpg  
  inflating: land-train/215525_mask.png  
  inflating: land-train/861353_sat.jpg  
  inflating: land-train/246378_sat.jpg  
  inflating: land-train/987381_sat.jpg  
  inflating: land-train/606014_sat.jpg  
  inflating: land-train/941237_sat.jpg  
  inflating: land-train/730889_sat.jpg  
  inflating: land-train/635841_mask.png  
  inflating: land-train/654770_mask.png  
  inflating: land-train/137499_sat.jpg  
  inflating: land-train/416463_sat.jpg  
  inflating: land-train/547785_sat.jpg  
  inflating: land-train/696257_sat.jpg  
  inflating: land-train/103665_mask.png  
  inflating: land-train/467855_sat.jpg  
  inflating: land-train/427037_mask.png  
  inflating: land-train/997521_mask.png  
  inflating: land-train/679507_sat.jpg  
  inflating: land-train/247179_sat.jpg  
  inflating: land-train/72807_mask.png  
  inflating: land-train/157839_mask.png  
  inflating: land-train/563092_mask.png  
  inflating: land-train/627583_mask.png  
  inflating: land-train/644103_sat.jpg  
  inflating: land-train/946386_sat.jpg  
  inflating: land-train/511850_mask.png  
  inflating: land-train/672041_mask.png  
  inflating: land-train/239955_mask.png  
  inflating: __MACOSX/land-train/._239955_mask.png  
  inflating: land-train/333661_sat.jpg  
  inflating: land-train/755453_sat.jpg  
  inflating: land-train/133209_mask.png  
  inflating: land-train/133209_sat.jpg  
  inflating: land-train/739760_mask.png  
  inflating: land-train/263576_mask.png  
  inflating: land-train/149624_mask.png  
  inflating: land-train/159177_mask.png  
  inflating: land-train/641771_mask.png  
  inflating: land-train/736869_sat.jpg  
  inflating: land-train/29419_mask.png  
  inflating: land-train/982744_sat.jpg  
  inflating: land-train/338111_mask.png  
  inflating: land-train/159177_sat.jpg  
  inflating: land-train/646596_mask.png  
  inflating: land-train/584663_mask.png  
  inflating: __MACOSX/land-train/._584663_mask.png  
  inflating: land-train/330838_mask.png  
  inflating: land-train/40168_sat.jpg  
  inflating: land-train/508676_sat.jpg  
  inflating: land-train/71619_mask.png  
  inflating: land-train/684377_sat.jpg  
  inflating: land-train/154626_mask.png  
  inflating: land-train/41944_mask.png  
  inflating: land-train/898741_sat.jpg  
  inflating: __MACOSX/land-train/._898741_sat.jpg  
  inflating: land-train/895509_mask.png  
  inflating: land-train/733758_mask.png  
  inflating: land-train/749375_mask.png  
  inflating: land-train/97337_sat.jpg  
  inflating: land-train/942307_sat.jpg  
  inflating: land-train/435277_mask.png  
  inflating: land-train/102122_mask.png  
  inflating: __MACOSX/land-train/._102122_mask.png  
  inflating: land-train/831146_mask.png  
  inflating: land-train/176225_mask.png  
  inflating: land-train/176112_sat.jpg  
  inflating: land-train/946386_mask.png  
  inflating: land-train/55374_mask.png  
  inflating: __MACOSX/land-train/._55374_mask.png  
  inflating: land-train/131720_sat.jpg  
  inflating: __MACOSX/land-train/._131720_sat.jpg  
  inflating: land-train/950926_sat.jpg  
  inflating: land-train/557309_mask.png  
  inflating: land-train/76759_sat.jpg  
  inflating: __MACOSX/land-train/._76759_sat.jpg  
  inflating: land-train/541060_mask.png  
  inflating: land-train/332354_sat.jpg  
  inflating: land-train/235869_sat.jpg  
  inflating: land-train/622733_sat.jpg  
  inflating: land-train/58910_mask.png  
  inflating: __MACOSX/land-train/._58910_mask.png  
  inflating: land-train/665914_sat.jpg  
  inflating: land-train/621459_sat.jpg  
  inflating: land-train/143364_sat.jpg  
  inflating: land-train/434243_sat.jpg  
  inflating: land-train/200589_mask.png  
  inflating: land-train/513968_mask.png  
  inflating: land-train/713813_mask.png  
  inflating: land-train/210473_mask.png  
  inflating: land-train/122104_mask.png  
  inflating: land-train/41944_sat.jpg  
  inflating: land-train/961919_mask.png  
  inflating: land-train/616860_mask.png  
  inflating: land-train/384477_mask.png  
  inflating: land-train/225393_sat.jpg  
  inflating: land-train/867983_mask.png  
  inflating: land-train/21023_sat.jpg  
  inflating: land-train/935318_mask.png  
  inflating: land-train/483506_mask.png  
  inflating: land-train/133254_sat.jpg  
  inflating: land-train/326238_mask.png  
  inflating: __MACOSX/land-train/._326238_mask.png  
  inflating: land-train/505217_mask.png  
  inflating: land-train/122104_sat.jpg  
  inflating: land-train/232373_sat.jpg  
  inflating: land-train/918105_mask.png  
  inflating: land-train/387018_mask.png  
  inflating: land-train/53987_mask.png  
  inflating: land-train/245846_sat.jpg  
  inflating: land-train/428327_mask.png  
  inflating: land-train/37755_mask.png  
  inflating: land-train/76759_mask.png  
  inflating: __MACOSX/land-train/._76759_mask.png  
  inflating: land-train/639314_sat.jpg  
  inflating: land-train/586222_mask.png  
  inflating: land-train/207743_mask.png  
  inflating: land-train/954552_mask.png  
  inflating: land-train/802645_sat.jpg  
  inflating: land-train/525105_mask.png  
  inflating: land-train/3484_sat.jpg  
  inflating: land-train/989499_mask.png  
  inflating: land-train/604647_mask.png  
  inflating: land-train/403978_sat.jpg  
  inflating: __MACOSX/land-train/._403978_sat.jpg  
  inflating: land-train/80808_sat.jpg  
  inflating: land-train/568270_mask.png  
  inflating: land-train/143794_mask.png  
  inflating: land-train/888263_mask.png  
  inflating: land-train/584712_sat.jpg  
  inflating: land-train/296368_mask.png  
  inflating: land-train/825592_mask.png  
  inflating: land-train/516317_sat.jpg  
  inflating: land-train/27460_sat.jpg  
  inflating: land-train/271941_mask.png  
  inflating: land-train/723067_sat.jpg  
  inflating: land-train/434210_mask.png  
  inflating: land-train/470798_sat.jpg  
  inflating: land-train/937922_sat.jpg  
  inflating: land-train/504704_sat.jpg  
  inflating: land-train/951120_sat.jpg  
  inflating: land-train/28689_sat.jpg  
  inflating: land-train/765792_sat.jpg  
  inflating: land-train/574789_mask.png  
  inflating: land-train/330838_sat.jpg  
  inflating: land-train/264436_mask.png  
  inflating: land-train/129298_mask.png  
  inflating: land-train/56924_mask.png  
  inflating: __MACOSX/land-train/._56924_mask.png  
  inflating: land-train/561117_sat.jpg  
  inflating: land-train/899693_sat.jpg  
  inflating: land-train/44070_sat.jpg  
  inflating: __MACOSX/land-train/._44070_sat.jpg  
  inflating: land-train/515521_mask.png  
  inflating: land-train/736933_mask.png  
  inflating: land-train/411741_mask.png  
  inflating: land-train/86805_sat.jpg  
  inflating: land-train/482365_mask.png  
  inflating: land-train/296279_sat.jpg  
  inflating: land-train/495876_sat.jpg  
  inflating: land-train/358464_sat.jpg  
  inflating: land-train/180902_mask.png  
  inflating: land-train/514414_mask.png  
  inflating: land-train/349442_sat.jpg  
  inflating: land-train/889145_sat.jpg  
  inflating: land-train/538922_sat.jpg  
  inflating: land-train/543806_sat.jpg  
  inflating: land-train/848780_mask.png  
  inflating: land-train/669156_sat.jpg  
  inflating: land-train/604647_sat.jpg  
  inflating: land-train/351271_mask.png  
  inflating: land-train/343425_mask.png  
  inflating: land-train/577164_mask.png  
  inflating: land-train/148381_sat.jpg  
  inflating: land-train/96841_mask.png  
  inflating: land-train/759668_sat.jpg  
  inflating: land-train/586670_sat.jpg  
  inflating: land-train/841404_sat.jpg  
  inflating: land-train/69628_sat.jpg  
  inflating: __MACOSX/land-train/._69628_sat.jpg  
  inflating: land-train/343215_sat.jpg  
  inflating: land-train/675849_sat.jpg  
  inflating: land-train/7892_mask.png  
  inflating: land-train/777185_mask.png  
  inflating: land-train/499325_sat.jpg  
  inflating: land-train/835147_sat.jpg  
  inflating: __MACOSX/land-train/._835147_sat.jpg  
  inflating: land-train/376441_mask.png  
  inflating: land-train/912620_sat.jpg  
  inflating: land-train/914008_mask.png  
  inflating: land-train/616860_sat.jpg  
  inflating: land-train/511850_sat.jpg  
  inflating: land-train/303327_mask.png  
  inflating: land-train/499418_sat.jpg  
  inflating: land-train/255876_sat.jpg  
  inflating: land-train/143364_mask.png  
  inflating: land-train/321724_mask.png  
  inflating: land-train/358314_sat.jpg  
  inflating: land-train/651774_mask.png  
  inflating: land-train/652733_sat.jpg  
  inflating: land-train/848649_sat.jpg  
  inflating: land-train/702918_sat.jpg  
  inflating: land-train/185522_mask.png  
  inflating: land-train/463855_mask.png  
  inflating: land-train/280861_mask.png  
  inflating: land-train/956928_mask.png  
  inflating: land-train/312676_sat.jpg  
  inflating: land-train/129297_sat.jpg  
  inflating: land-train/277900_sat.jpg  
  inflating: land-train/125510_mask.png  
  inflating: land-train/664396_mask.png  
  inflating: land-train/589940_mask.png  
  inflating: land-train/424590_sat.jpg  
  inflating: land-train/257695_sat.jpg  
  inflating: land-train/127660_sat.jpg  
  inflating: __MACOSX/land-train/._127660_sat.jpg  
  inflating: land-train/605037_mask.png  
  inflating: land-train/829962_mask.png  
  inflating: land-train/820347_sat.jpg  
  inflating: land-train/807146_sat.jpg  
  inflating: land-train/516317_mask.png  
  inflating: land-train/202277_sat.jpg  
  inflating: land-train/708527_mask.png  
  inflating: land-train/682046_mask.png  
  inflating: land-train/786226_mask.png  
  inflating: land-train/347676_sat.jpg  
  inflating: land-train/605764_sat.jpg  
  inflating: land-train/952430_sat.jpg  
  inflating: land-train/375563_sat.jpg  
  inflating: __MACOSX/land-train/._375563_sat.jpg  
  inflating: land-train/763892_mask.png  
  inflating: __MACOSX/land-train/._763892_mask.png  
  inflating: land-train/946475_sat.jpg  
  inflating: land-train/748225_mask.png  
  inflating: land-train/699650_mask.png  
  inflating: __MACOSX/land-train/._699650_mask.png  
  inflating: land-train/273274_sat.jpg  
  inflating: __MACOSX/land-train/._273274_sat.jpg  
  inflating: land-train/520614_mask.png  
  inflating: land-train/439854_sat.jpg  
  inflating: land-train/942986_mask.png  
  inflating: land-train/152569_sat.jpg  
  inflating: land-train/906113_mask.png  
  inflating: land-train/505217_sat.jpg  
  inflating: land-train/21023_mask.png  
  inflating: land-train/600230_mask.png  
  inflating: land-train/925425_mask.png  
  inflating: land-train/501053_sat.jpg  
  inflating: land-train/919602_sat.jpg  
  inflating: land-train/36183_mask.png  
  inflating: __MACOSX/land-train/._36183_mask.png  
  inflating: land-train/3484_mask.png  
  inflating: land-train/893651_mask.png  
  inflating: land-train/420066_sat.jpg  
  inflating: land-train/219670_mask.png  
  inflating: land-train/71619_sat.jpg  
  inflating: land-train/335737_sat.jpg  
  inflating: __MACOSX/land-train/._335737_sat.jpg  
  inflating: land-train/432089_mask.png  
  inflating: land-train/967818_mask.png  
  inflating: land-train/587968_sat.jpg  
  inflating: land-train/875328_mask.png  
  inflating: land-train/215525_sat.jpg  
  inflating: land-train/638158_sat.jpg  
  inflating: land-train/273274_mask.png  
  inflating: __MACOSX/land-train/._273274_mask.png  
  inflating: land-train/762470_sat.jpg  
  inflating: land-train/638158_mask.png  
  inflating: land-train/775304_sat.jpg  
  inflating: land-train/299287_sat.jpg  
  inflating: land-train/166293_sat.jpg  
  inflating: land-train/303327_sat.jpg  
  inflating: land-train/137499_mask.png  
  inflating: land-train/476991_sat.jpg  
  inflating: land-train/321711_mask.png  
  inflating: land-train/100694_mask.png  
  inflating: land-train/310419_sat.jpg  
  inflating: land-train/34330_mask.png  
  inflating: __MACOSX/land-train/._34330_mask.png  
  inflating: land-train/978039_sat.jpg  
  inflating: land-train/492365_sat.jpg  
  inflating: land-train/172307_sat.jpg  
  inflating: land-train/483506_sat.jpg  
  inflating: land-train/33262_mask.png  
  inflating: land-train/849797_sat.jpg  
  inflating: land-train/361129_sat.jpg  
  inflating: land-train/584663_sat.jpg  
  inflating: __MACOSX/land-train/._584663_sat.jpg  
  inflating: land-train/834900_sat.jpg  
  inflating: land-train/794214_sat.jpg  
  inflating: land-train/842556_sat.jpg  
  inflating: land-train/396979_sat.jpg  
  inflating: land-train/476582_sat.jpg  
  inflating: land-train/81011_mask.png  
  inflating: land-train/176225_sat.jpg  
  inflating: land-train/520614_sat.jpg  
  inflating: land-train/603617_mask.png  
  inflating: land-train/373103_sat.jpg  
  inflating: land-train/211739_mask.png  
  inflating: land-train/326238_sat.jpg  
  inflating: __MACOSX/land-train/._326238_sat.jpg  
  inflating: land-train/586806_sat.jpg  
  inflating: land-train/995492_mask.png  
  inflating: land-train/621459_mask.png  
  inflating: land-train/291781_mask.png  
  inflating: land-train/669779_mask.png  
  inflating: land-train/818254_mask.png  
  inflating: land-train/611015_sat.jpg  
  inflating: land-train/373103_mask.png  
  inflating: land-train/524056_sat.jpg  
  inflating: land-train/234269_mask.png  
  inflating: land-train/524518_mask.png  
  inflating: land-train/470446_mask.png  
  inflating: land-train/867017_mask.png  
  inflating: land-train/765792_mask.png  
  inflating: land-train/88571_mask.png  
  inflating: land-train/891153_mask.png  
  inflating: land-train/705728_sat.jpg  
  inflating: land-train/620018_sat.jpg  
  inflating: land-train/942986_sat.jpg  
  inflating: land-train/343215_mask.png  
  inflating: land-train/182027_mask.png  
  inflating: land-train/586222_sat.jpg  
  inflating: land-train/987427_mask.png  
  inflating: land-train/958243_mask.png  
  inflating: land-train/491356_sat.jpg  
  inflating: __MACOSX/land-train/._491356_sat.jpg  
  inflating: land-train/649260_sat.jpg  
  inflating: land-train/202277_mask.png  
  inflating: land-train/617844_mask.png  
  inflating: __MACOSX/land-train/._617844_mask.png  
  inflating: land-train/387554_mask.png  
  inflating: land-train/761189_mask.png  
  inflating: land-train/876248_sat.jpg  
  inflating: land-train/730821_mask.png  
  inflating: land-train/226788_mask.png  
  inflating: land-train/392711_sat.jpg  
  inflating: land-train/397137_sat.jpg  
  inflating: land-train/428327_sat.jpg  
  inflating: land-train/308959_mask.png  
  inflating: land-train/705728_mask.png  
  inflating: land-train/591815_mask.png  
  inflating: land-train/181447_sat.jpg  
  inflating: __MACOSX/land-train/._181447_sat.jpg  
  inflating: land-train/512669_mask.png  
  inflating: land-train/585043_mask.png  
  inflating: __MACOSX/land-train/._585043_mask.png  
  inflating: land-train/55374_sat.jpg  
  inflating: __MACOSX/land-train/._55374_sat.jpg  
  inflating: land-train/627806_sat.jpg  
  inflating: land-train/458687_sat.jpg  
  inflating: land-train/210473_sat.jpg  
  inflating: land-train/271245_mask.png  
  inflating: land-train/848728_sat.jpg  
  inflating: land-train/331994_sat.jpg  
  inflating: land-train/331421_mask.png  
  inflating: land-train/457982_sat.jpg  
  inflating: land-train/71125_sat.jpg  
  inflating: land-train/65170_sat.jpg  
  inflating: land-train/416381_sat.jpg  
  inflating: land-train/570992_mask.png  
  inflating: land-train/713813_sat.jpg  
  inflating: land-train/596837_sat.jpg  
  inflating: __MACOSX/land-train/._596837_sat.jpg  
  inflating: land-train/234269_sat.jpg  
  inflating: land-train/334677_sat.jpg  
  inflating: land-train/739760_sat.jpg  
  inflating: land-train/778804_mask.png  
  inflating: land-train/95613_sat.jpg  
  inflating: land-train/155165_mask.png  
  inflating: land-train/834900_mask.png  
  inflating: land-train/986342_mask.png  
  inflating: land-train/388811_mask.png  
  inflating: land-train/416463_mask.png  
  inflating: land-train/575902_sat.jpg  
  inflating: land-train/155165_sat.jpg  
  inflating: land-train/470798_mask.png  
  inflating: land-train/428597_sat.jpg  
  inflating: land-train/276761_sat.jpg  
  inflating: land-train/435277_sat.jpg  
  inflating: land-train/995492_sat.jpg  
  inflating: land-train/692982_mask.png  
  inflating: land-train/782103_sat.jpg  
  inflating: land-train/400179_mask.png  
  inflating: land-train/898741_mask.png  
  inflating: __MACOSX/land-train/._898741_mask.png  
  inflating: land-train/13415_mask.png  
  inflating: land-train/918446_sat.jpg  
  inflating: land-train/141685_mask.png  
  inflating: land-train/897901_mask.png  
  inflating: land-train/43814_sat.jpg  
  inflating: land-train/732669_mask.png  
  inflating: land-train/293776_mask.png  
  inflating: __MACOSX/land-train/._293776_mask.png  
  inflating: land-train/618372_mask.png  
  inflating: land-train/507241_sat.jpg  
  inflating: land-train/820543_mask.png  
  inflating: __MACOSX/land-train/._820543_mask.png  
  inflating: land-train/430587_mask.png  
  inflating: __MACOSX/land-train/._430587_mask.png  
  inflating: land-train/15573_sat.jpg  
  inflating: land-train/605764_mask.png  
  inflating: land-train/45676_sat.jpg  
  inflating: land-train/102122_sat.jpg  
  inflating: __MACOSX/land-train/._102122_sat.jpg  
  inflating: land-train/601966_sat.jpg  
  inflating: land-train/321711_sat.jpg  
  inflating: land-train/736933_sat.jpg  
  inflating: land-train/164029_mask.png  
  inflating: land-train/544464_sat.jpg  
  inflating: land-train/917081_mask.png  
  inflating: land-train/96870_sat.jpg  
  inflating: land-train/282120_sat.jpg  
  inflating: land-train/576417_sat.jpg  
  inflating: land-train/923223_sat.jpg  
  inflating: land-train/397864_sat.jpg  
  inflating: land-train/930491_sat.jpg  
  inflating: land-train/98150_mask.png  
  inflating: land-train/310419_mask.png  
  inflating: land-train/406425_sat.jpg  
  inflating: land-train/585043_sat.jpg  
  inflating: __MACOSX/land-train/._585043_sat.jpg  
  inflating: land-train/323581_mask.png  
  inflating: land-train/400179_sat.jpg  
  inflating: land-train/669779_sat.jpg  
  inflating: land-train/916336_mask.png  
  inflating: land-train/649260_mask.png  
  inflating: land-train/256189_sat.jpg  
  inflating: land-train/134465_sat.jpg  
  inflating: land-train/53987_sat.jpg  
  inflating: land-train/503968_sat.jpg  
  inflating: land-train/961919_sat.jpg  
  inflating: land-train/286339_sat.jpg  
  inflating: land-train/160037_mask.png  
  inflating: land-train/679036_mask.png  
  inflating: land-train/300626_sat.jpg  
  inflating: land-train/492365_mask.png  
  inflating: land-train/544078_mask.png  
  inflating: land-train/988517_mask.png  
  inflating: __MACOSX/land-train/._988517_mask.png  
  inflating: land-train/942594_sat.jpg  
  inflating: land-train/614561_mask.png  
  inflating: land-train/992507_mask.png  
  inflating: land-train/771393_mask.png  
  inflating: land-train/491356_mask.png  
  inflating: __MACOSX/land-train/._491356_mask.png  
  inflating: land-train/943943_mask.png  
  inflating: land-train/207663_mask.png  
  inflating: land-train/572237_sat.jpg  
  inflating: land-train/848780_sat.jpg  
  inflating: land-train/131720_mask.png  
  inflating: __MACOSX/land-train/._131720_mask.png  
  inflating: land-train/349442_mask.png  
  inflating: land-train/981852_sat.jpg  
  inflating: land-train/238322_mask.png  
  inflating: land-train/33573_mask.png  
  inflating: land-train/908837_mask.png  
  inflating: __MACOSX/land-train/._908837_mask.png  
  inflating: land-train/870705_sat.jpg  
  inflating: land-train/516056_sat.jpg  
  inflating: land-train/888343_mask.png  
  inflating: land-train/820347_mask.png  
  inflating: land-train/956410_sat.jpg  
  inflating: land-train/784518_sat.jpg  
  inflating: land-train/127976_mask.png  
  inflating: land-train/495406_sat.jpg  
  inflating: land-train/660069_mask.png  
  inflating: land-train/917081_sat.jpg  
  inflating: land-train/825816_mask.png  
  inflating: land-train/786226_sat.jpg  
  inflating: land-train/471187_sat.jpg  
  inflating: land-train/634421_sat.jpg  
  inflating: land-train/162310_sat.jpg  
  inflating: land-train/192918_sat.jpg  
  inflating: land-train/639314_mask.png  
  inflating: land-train/669010_sat.jpg  
  inflating: land-train/334811_sat.jpg  
  inflating: land-train/338111_sat.jpg  
  inflating: land-train/586806_mask.png  
  inflating: land-train/257695_mask.png  
  inflating: land-train/58864_sat.jpg  
  inflating: __MACOSX/land-train/._58864_sat.jpg  
  inflating: land-train/772144_sat.jpg  
  inflating: land-train/727832_mask.png  
  inflating: land-train/457070_mask.png  
  inflating: land-train/333661_mask.png  
  inflating: land-train/981253_mask.png  
  inflating: land-train/416381_mask.png  
  inflating: land-train/387554_sat.jpg  
  inflating: land-train/345134_mask.png  
  inflating: land-train/599842_mask.png  
  inflating: land-train/71125_mask.png  
  inflating: land-train/182027_sat.jpg  
  inflating: land-train/571520_sat.jpg  
  inflating: land-train/560353_sat.jpg  
  inflating: land-train/114577_mask.png  
  inflating: land-train/457070_sat.jpg  
  inflating: land-train/890145_sat.jpg  
  inflating: land-train/470446_sat.jpg  
  inflating: land-train/570332_mask.png  
  inflating: land-train/61245_sat.jpg  
  inflating: land-train/902350_sat.jpg  
  inflating: land-train/271941_sat.jpg  
  inflating: land-train/943943_sat.jpg  
  inflating: land-train/322400_sat.jpg  
  inflating: land-train/782103_mask.png  
  inflating: land-train/636849_mask.png  
  inflating: land-train/416794_mask.png  
  inflating: land-train/476991_mask.png  
  inflating: land-train/136252_mask.png  
  inflating: land-train/560353_mask.png  
  inflating: land-train/499600_mask.png  
  inflating: land-train/210436_sat.jpg  
  inflating: land-train/549870_mask.png  
  inflating: land-train/619800_sat.jpg  
  inflating: land-train/565914_sat.jpg  
  inflating: land-train/402002_sat.jpg  
  inflating: land-train/652183_sat.jpg  
  inflating: land-train/692004_mask.png  
  inflating: land-train/152569_mask.png  
  inflating: land-train/664140_mask.png  
  inflating: land-train/496948_mask.png  
  inflating: land-train/998002_sat.jpg  
  inflating: land-train/778804_sat.jpg  
  inflating: land-train/599975_mask.png  
  inflating: land-train/392711_mask.png  
  inflating: land-train/81039_mask.png  
  inflating: land-train/739122_mask.png  
  inflating: land-train/606_mask.png  
  inflating: land-train/987427_sat.jpg  
  inflating: land-train/268881_sat.jpg  
  inflating: land-train/695475_mask.png  
  inflating: land-train/762359_mask.png  
  inflating: land-train/875409_sat.jpg  
  inflating: __MACOSX/land-train/._875409_sat.jpg  
  inflating: land-train/154124_mask.png  
  inflating: land-train/33573_sat.jpg  
  inflating: land-train/537221_sat.jpg  
  inflating: land-train/80318_sat.jpg  
  inflating: land-train/77388_mask.png  
  inflating: land-train/991758_mask.png  
  inflating: land-train/362274_sat.jpg  
  inflating: land-train/605707_sat.jpg  
  inflating: land-train/127976_sat.jpg  
  inflating: land-train/407467_sat.jpg  
  inflating: land-train/495406_mask.png  
  inflating: land-train/608673_mask.png  
  inflating: land-train/254565_mask.png  
  inflating: land-train/125795_sat.jpg  
  inflating: land-train/280861_sat.jpg  
  inflating: land-train/16453_sat.jpg  
  inflating: land-train/808980_mask.png  
  inflating: land-train/904606_mask.png  
  inflating: land-train/444902_mask.png  
  inflating: land-train/161109_mask.png  
  inflating: land-train/638937_sat.jpg  
  inflating: land-train/68078_mask.png  
  inflating: land-train/37755_sat.jpg  
  inflating: land-train/338661_sat.jpg  
  inflating: land-train/397351_mask.png  
  inflating: land-train/397137_mask.png  
  inflating: land-train/747824_mask.png  
  inflating: land-train/867983_sat.jpg  
  inflating: land-train/556572_sat.jpg  
  inflating: land-train/891153_sat.jpg  
  inflating: land-train/246378_mask.png  
  inflating: land-train/708527_sat.jpg  
  inflating: land-train/584712_mask.png  
  inflating: land-train/166805_mask.png  
  inflating: land-train/66344_sat.jpg  
  inflating: land-train/140299_mask.png  
  inflating: land-train/306486_mask.png  
  inflating: land-train/325354_sat.jpg  
  inflating: land-train/255889_mask.png  
  inflating: land-train/62078_sat.jpg  
  inflating: land-train/536496_sat.jpg  
  inflating: land-train/373186_mask.png  
  inflating: __MACOSX/land-train/._373186_mask.png  
  inflating: land-train/402002_mask.png  
  inflating: land-train/777185_sat.jpg  
  inflating: land-train/161109_sat.jpg  
  inflating: land-train/818254_sat.jpg  
  inflating: land-train/323581_sat.jpg  
  inflating: land-train/839641_mask.png  
  inflating: land-train/774779_mask.png  
  inflating: land-train/316446_mask.png  
  inflating: land-train/649042_sat.jpg  
  inflating: land-train/114473_sat.jpg  
  inflating: land-train/221278_mask.png  
  inflating: land-train/45357_sat.jpg  
  inflating: __MACOSX/land-train/._45357_sat.jpg  
  inflating: land-train/799523_sat.jpg  
  inflating: land-train/873132_mask.png  
  inflating: land-train/300626_mask.png  
  inflating: land-train/741105_sat.jpg  
  inflating: land-train/10901_sat.jpg  
  inflating: land-train/19627_sat.jpg  
  inflating: land-train/7906_sat.jpg  
  inflating: land-train/992507_sat.jpg  
  inflating: land-train/516056_mask.png  
  inflating: land-train/990617_mask.png  
  inflating: land-train/156951_sat.jpg  
  inflating: land-train/204562_sat.jpg  
  inflating: land-train/457265_sat.jpg  
  inflating: land-train/650751_sat.jpg  
  inflating: __MACOSX/land-train/._650751_sat.jpg  
  inflating: land-train/114473_mask.png  
  inflating: land-train/671164_sat.jpg  
  inflating: land-train/923618_sat.jpg  
  inflating: land-train/763892_sat.jpg  
  inflating: __MACOSX/land-train/._763892_sat.jpg  
  inflating: land-train/186739_sat.jpg  
  inflating: land-train/194156_sat.jpg  
  inflating: land-train/119_sat.jpg  
  inflating: land-train/88571_sat.jpg  
  inflating: land-train/646596_sat.jpg  
  inflating: land-train/294978_sat.jpg  
  inflating: land-train/604833_mask.png  
  inflating: land-train/219670_sat.jpg  
  inflating: land-train/358314_mask.png  
  inflating: land-train/682688_mask.png  
  inflating: land-train/81011_sat.jpg  
  inflating: land-train/918105_sat.jpg  
  inflating: land-train/660933_mask.png  
  inflating: land-train/417313_sat.jpg  
  inflating: land-train/458687_mask.png  
  inflating: land-train/127660_mask.png  
  inflating: __MACOSX/land-train/._127660_mask.png  
  inflating: land-train/557439_mask.png  
  inflating: __MACOSX/land-train/._557439_mask.png  
  inflating: land-train/834433_mask.png  
  inflating: land-train/312676_mask.png  
  inflating: land-train/524056_mask.png  
  inflating: land-train/373186_sat.jpg  
  inflating: __MACOSX/land-train/._373186_sat.jpg  
  inflating: land-train/606014_mask.png  
  inflating: land-train/140299_sat.jpg  
  inflating: land-train/926392_mask.png  
  inflating: land-train/949559_sat.jpg  
  inflating: land-train/351228_mask.png  
  inflating: land-train/870705_mask.png  
  inflating: land-train/34567_mask.png  
  inflating: land-train/672823_mask.png  
  inflating: land-train/762937_sat.jpg  
  inflating: land-train/315848_mask.png  
  inflating: land-train/273002_sat.jpg  
  inflating: land-train/838669_sat.jpg  
  inflating: land-train/501053_mask.png  
  inflating: land-train/947994_sat.jpg  
  inflating: land-train/626208_sat.jpg  
  inflating: land-train/841286_mask.png  
  inflating: land-train/123172_mask.png  
  inflating: land-train/472774_mask.png  
  inflating: land-train/95863_mask.png  
  inflating: land-train/682949_mask.png  
  inflating: land-train/291214_mask.png  
  inflating: land-train/661864_sat.jpg  
  inflating: land-train/612214_sat.jpg  
  inflating: land-train/893261_mask.png  
  inflating: land-train/491696_mask.png  
  inflating: land-train/471930_sat.jpg  
  inflating: land-train/991758_sat.jpg  
  inflating: land-train/309818_sat.jpg  
  inflating: land-train/331533_mask.png  
  inflating: land-train/549959_sat.jpg  
  inflating: land-train/599743_sat.jpg  
  inflating: land-train/211316_sat.jpg  
  inflating: land-train/727832_sat.jpg  
  inflating: land-train/676758_sat.jpg  
  inflating: land-train/509290_mask.png  
  inflating: land-train/990619_sat.jpg  
  inflating: land-train/308959_sat.jpg  
  inflating: land-train/910525_mask.png  
  inflating: land-train/229383_sat.jpg  
  inflating: land-train/28559_mask.png  
  inflating: land-train/635157_mask.png  
  inflating: land-train/207663_sat.jpg  
  inflating: land-train/185522_sat.jpg  
  inflating: land-train/273002_mask.png  
  inflating: land-train/423117_mask.png  
  inflating: land-train/691384_mask.png  
  inflating: land-train/239955_sat.jpg  
  inflating: __MACOSX/land-train/._239955_sat.jpg  
  inflating: land-train/266_sat.jpg  
  inflating: __MACOSX/land-train/._266_sat.jpg  
  inflating: land-train/115444_mask.png  
  inflating: land-train/901715_sat.jpg  
  inflating: land-train/651537_mask.png  
  inflating: land-train/958443_sat.jpg  
  inflating: land-train/307626_sat.jpg  
  inflating: land-train/541353_sat.jpg  
  inflating: land-train/965977_sat.jpg  
  inflating: land-train/577164_sat.jpg  
  inflating: land-train/965276_mask.png  
  inflating: land-train/627583_sat.jpg  
  inflating: land-train/621633_sat.jpg  
  inflating: land-train/174980_mask.png  
  inflating: land-train/434243_mask.png  
  inflating: land-train/927126_mask.png  
  inflating: land-train/736869_mask.png  
  inflating: land-train/86805_mask.png  
  inflating: land-train/498049_mask.png  
  inflating: land-train/351271_sat.jpg  
  inflating: land-train/62078_mask.png  
  inflating: land-train/383392_sat.jpg  
  inflating: land-train/751939_sat.jpg  
  inflating: land-train/68078_sat.jpg  
  inflating: land-train/543806_mask.png  
  inflating: land-train/413779_sat.jpg  
  inflating: land-train/300967_sat.jpg  
  inflating: __MACOSX/land-train/._300967_sat.jpg  
  inflating: land-train/563092_sat.jpg  
  inflating: land-train/652183_mask.png  
  inflating: land-train/264436_sat.jpg  
  inflating: land-train/358464_mask.png  
  inflating: land-train/672823_sat.jpg  
  inflating: land-train/508571_mask.png  
  inflating: land-train/350328_mask.png  
  inflating: land-train/990573_mask.png  
  inflating: land-train/654770_sat.jpg  
  inflating: land-train/388811_sat.jpg  
  inflating: land-train/828684_mask.png  
  inflating: land-train/767012_mask.png  
  inflating: land-train/728521_sat.jpg  
  inflating: land-train/462612_sat.jpg  
  inflating: land-train/334811_mask.png  
  inflating: land-train/253691_sat.jpg  
  inflating: land-train/159322_sat.jpg  
  inflating: land-train/935193_mask.png  
  inflating: land-train/698065_sat.jpg  
  inflating: land-train/942594_mask.png  
  inflating: land-train/934795_mask.png  
  inflating: land-train/965276_sat.jpg  
  inflating: land-train/45676_mask.png  
  inflating: land-train/271609_mask.png  
  inflating: land-train/405744_sat.jpg  
  inflating: land-train/44070_mask.png  
  inflating: __MACOSX/land-train/._44070_mask.png  
  inflating: land-train/225945_sat.jpg  
  inflating: land-train/271609_sat.jpg  
  inflating: land-train/335737_mask.png  
  inflating: __MACOSX/land-train/._335737_mask.png  
  inflating: land-train/354033_sat.jpg  
  inflating: land-train/576417_mask.png  
  inflating: land-train/847604_sat.jpg  
  inflating: land-train/981852_mask.png  
  inflating: land-train/499511_sat.jpg  
  inflating: land-train/550312_mask.png  
  inflating: land-train/383637_sat.jpg  
  inflating: land-train/418261_sat.jpg  
  inflating: land-train/120625_sat.jpg  
  inflating: land-train/499325_mask.png  
  inflating: land-train/901715_mask.png  
  inflating: land-train/649042_mask.png  
  inflating: land-train/584941_sat.jpg  
  inflating: land-train/537221_mask.png  
  inflating: land-train/397351_sat.jpg  
  inflating: land-train/405378_mask.png  
  inflating: land-train/983603_sat.jpg  
  inflating: land-train/810749_sat.jpg  
  inflating: land-train/919602_mask.png  
  inflating: land-train/982744_mask.png  
  inflating: land-train/989499_sat.jpg  
  inflating: land-train/842556_mask.png  
  inflating: land-train/119079_mask.png  
  inflating: land-train/606370_mask.png  
  inflating: land-train/300745_sat.jpg  
  inflating: land-train/819442_mask.png  
  inflating: land-train/156574_sat.jpg  
  inflating: land-train/803958_mask.png  
  inflating: land-train/632489_mask.png  
  inflating: land-train/655313_mask.png  
  inflating: land-train/182422_mask.png  
  inflating: land-train/56924_sat.jpg  
  inflating: __MACOSX/land-train/._56924_sat.jpg  
  inflating: land-train/624916_mask.png  
  inflating: land-train/848649_mask.png  
  inflating: land-train/806805_mask.png  
  inflating: land-train/615420_sat.jpg  
  inflating: land-train/79049_mask.png  
  inflating: land-train/419820_sat.jpg  
  inflating: land-train/402209_mask.png  
  inflating: land-train/819442_sat.jpg  
  inflating: land-train/103730_mask.png  
  inflating: land-train/119012_mask.png  
  inflating: land-train/133254_mask.png  
  inflating: land-train/407467_mask.png  
  inflating: land-train/159280_sat.jpg  
  inflating: land-train/682046_sat.jpg  
  inflating: land-train/277994_sat.jpg  
  inflating: land-train/614561_sat.jpg  
  inflating: land-train/468103_sat.jpg  
  inflating: land-train/233615_mask.png  
  inflating: land-train/536496_mask.png  
  inflating: land-train/463855_sat.jpg  
  inflating: land-train/125795_mask.png  
  inflating: land-train/217085_mask.png  
  inflating: land-train/412210_sat.jpg  
  inflating: land-train/499161_mask.png  
  inflating: land-train/757745_mask.png  
  inflating: land-train/703413_mask.png  
  inflating: land-train/166805_sat.jpg  
  inflating: land-train/156951_mask.png  
  inflating: land-train/393043_sat.jpg  
  inflating: land-train/903649_sat.jpg  
  inflating: land-train/981253_sat.jpg  
  inflating: land-train/858771_sat.jpg  
  inflating: land-train/255876_mask.png  
  inflating: land-train/538243_sat.jpg  
  inflating: land-train/209787_mask.png  
  inflating: land-train/889920_mask.png  
  inflating: land-train/208695_sat.jpg  
  inflating: __MACOSX/land-train/._208695_sat.jpg  
  inflating: land-train/584865_sat.jpg  
  inflating: land-train/111335_sat.jpg  
  inflating: land-train/655313_sat.jpg  
  inflating: land-train/139482_sat.jpg  
  inflating: land-train/684377_mask.png  
  inflating: land-train/472774_sat.jpg  
  inflating: land-train/354033_mask.png  
  inflating: land-train/136252_sat.jpg  
  inflating: land-train/889920_sat.jpg  
  inflating: land-train/706996_mask.png  
  inflating: land-train/33262_sat.jpg  
  inflating: land-train/154124_sat.jpg  
  inflating: land-train/28935_sat.jpg  
  inflating: land-train/427774_sat.jpg  
  inflating: land-train/547080_sat.jpg  
  inflating: land-train/491491_mask.png  
  inflating: land-train/971880_mask.png  
  inflating: land-train/420078_mask.png  
  inflating: land-train/971880_sat.jpg  
  inflating: land-train/969934_sat.jpg  
  inflating: land-train/200589_sat.jpg  
  inflating: land-train/726265_mask.png  
  inflating: land-train/986342_sat.jpg  
  inflating: land-train/552206_sat.jpg  
  inflating: land-train/997521_sat.jpg  
  inflating: land-train/298817_sat.jpg  
  inflating: land-train/277049_mask.png  
  inflating: land-train/324170_sat.jpg  
  inflating: land-train/36183_sat.jpg  
  inflating: __MACOSX/land-train/._36183_sat.jpg  
  inflating: land-train/347725_mask.png  
  inflating: land-train/361129_mask.png  
  inflating: land-train/541353_mask.png  
  inflating: land-train/682949_sat.jpg  
  inflating: land-train/182422_sat.jpg  
  inflating: land-train/544078_sat.jpg  
  inflating: land-train/970925_sat.jpg  
  inflating: land-train/636849_sat.jpg  
  inflating: land-train/437963_mask.png  
  inflating: land-train/548423_mask.png  
  inflating: __MACOSX/land-train/._548423_mask.png  
  inflating: land-train/51911_sat.jpg  
  inflating: land-train/244423_sat.jpg  
  inflating: land-train/362274_mask.png  
  inflating: land-train/95683_mask.png  
  inflating: land-train/6399_mask.png  
  inflating: land-train/961407_mask.png  
  inflating: land-train/306486_sat.jpg  
  inflating: land-train/675424_mask.png  
  inflating: land-train/10233_mask.png  
  inflating: land-train/762470_mask.png  
  inflating: land-train/7892_sat.jpg  
  inflating: land-train/772144_mask.png  
  inflating: land-train/584865_mask.png  
  inflating: land-train/692004_sat.jpg  
  inflating: land-train/784140_mask.png  
  inflating: land-train/621633_mask.png  
  inflating: land-train/645001_mask.png  
  inflating: land-train/255711_sat.jpg  
  inflating: land-train/204494_sat.jpg  
  inflating: land-train/80808_mask.png  
  inflating: land-train/186739_mask.png  
  inflating: land-train/916141_mask.png  
  inflating: land-train/875327_sat.jpg  
  inflating: land-train/253691_mask.png  
  inflating: land-train/616234_sat.jpg  
  inflating: land-train/599743_mask.png  
  inflating: land-train/154626_sat.jpg  
  inflating: land-train/650253_mask.png  
  inflating: land-train/755453_mask.png  
  inflating: land-train/345494_sat.jpg  
  inflating: land-train/914008_sat.jpg  
  inflating: land-train/365555_mask.png  
  inflating: land-train/623857_sat.jpg  
  inflating: land-train/321724_sat.jpg  
  inflating: land-train/547080_mask.png  
  inflating: land-train/293776_sat.jpg  
  inflating: __MACOSX/land-train/._293776_sat.jpg  
  inflating: land-train/893261_sat.jpg  
  inflating: land-train/122178_sat.jpg  
  inflating: land-train/925382_mask.png  
  inflating: land-train/501284_sat.jpg  
  inflating: land-train/233615_sat.jpg  
  inflating: land-train/801361_sat.jpg  
  inflating: land-train/501284_mask.png  
  inflating: land-train/104113_mask.png  
  inflating: land-train/161838_sat.jpg  
  inflating: land-train/807146_mask.png  
  inflating: land-train/296368_sat.jpg  
  inflating: land-train/850510_mask.png  
  inflating: land-train/97337_mask.png  
  inflating: land-train/698628_sat.jpg  
  inflating: land-train/775304_mask.png  
  inflating: land-train/956410_mask.png  
  inflating: land-train/671164_mask.png  
  inflating: land-train/405744_mask.png  
  inflating: land-train/476582_mask.png  
  inflating: land-train/514414_sat.jpg  
  inflating: land-train/912087_mask.png  
  inflating: land-train/120245_mask.png  
  inflating: land-train/707319_sat.jpg  
  inflating: land-train/21717_mask.png  
  inflating: land-train/926392_sat.jpg  
  inflating: land-train/43814_mask.png  
  inflating: land-train/698065_mask.png  
  inflating: land-train/376441_sat.jpg  
  inflating: land-train/725646_sat.jpg  
  inflating: land-train/867349_sat.jpg  
  inflating: land-train/952430_mask.png  
  inflating: land-train/13415_sat.jpg  
  inflating: land-train/255889_sat.jpg  
  inflating: land-train/458776_mask.png  
  inflating: land-train/267163_sat.jpg  
  inflating: land-train/350328_sat.jpg  
  inflating: land-train/318338_mask.png  
  inflating: land-train/244423_mask.png  
  inflating: land-train/255711_mask.png  
  inflating: land-train/238322_sat.jpg  
  inflating: land-train/644150_sat.jpg  
  inflating: land-train/910525_sat.jpg  
  inflating: land-train/798411_sat.jpg  
  inflating: land-train/534154_mask.png  
  inflating: land-train/868003_sat.jpg  
  inflating: land-train/686781_sat.jpg  
  inflating: land-train/645001_sat.jpg  
  inflating: land-train/161838_mask.png  
  inflating: land-train/866782_sat.jpg  
  inflating: land-train/139581_sat.jpg  
  inflating: land-train/326173_sat.jpg  
  inflating: land-train/262885_mask.png  
  inflating: land-train/904606_sat.jpg  
  inflating: land-train/772567_sat.jpg  
  inflating: land-train/678520_sat.jpg  
  inflating: land-train/839641_sat.jpg  
  inflating: land-train/325354_mask.png  
  inflating: land-train/772452_mask.png  
  inflating: land-train/951120_mask.png  
  inflating: land-train/283326_mask.png  
  inflating: land-train/345494_mask.png  
  inflating: land-train/629198_sat.jpg  
  inflating: land-train/939614_sat.jpg  
  inflating: land-train/277049_sat.jpg  
  inflating: land-train/267163_mask.png  
  inflating: land-train/784140_sat.jpg  
  inflating: land-train/741105_mask.png  
  inflating: land-train/541060_sat.jpg  
  inflating: land-train/878990_mask.png  
  inflating: land-train/925425_sat.jpg  
  inflating: land-train/518833_mask.png  
  inflating: land-train/659953_sat.jpg  
  inflating: land-train/547201_sat.jpg  
  inflating: land-train/416794_sat.jpg  
  inflating: land-train/403978_mask.png  
  inflating: __MACOSX/land-train/._403978_mask.png  
  inflating: land-train/835147_mask.png  
  inflating: __MACOSX/land-train/._835147_mask.png  
  inflating: land-train/893904_mask.png  
  inflating: land-train/772452_sat.jpg  
  inflating: land-train/810368_sat.jpg  
  inflating: land-train/340798_sat.jpg  
  inflating: land-train/958243_sat.jpg  
  inflating: land-train/698628_mask.png  
  inflating: land-train/557439_sat.jpg  
  inflating: __MACOSX/land-train/._557439_sat.jpg  
  inflating: land-train/668465_mask.png  
  inflating: land-train/104113_sat.jpg  
  inflating: land-train/987381_mask.png  
  inflating: land-train/394500_sat.jpg  
  inflating: land-train/455374_sat.jpg  
  inflating: land-train/300745_mask.png  
  inflating: land-train/893651_sat.jpg  
  inflating: land-train/838873_mask.png  
  inflating: land-train/384477_sat.jpg  
  inflating: land-train/538922_mask.png  
  inflating: land-train/269601_mask.png  
  inflating: __MACOSX/land-train/._269601_mask.png  
  inflating: land-train/604833_sat.jpg  
  inflating: land-train/338798_mask.png  
  inflating: land-train/552001_sat.jpg  
  inflating: land-train/394500_mask.png  
  inflating: land-train/723719_mask.png  
  inflating: land-train/383392_mask.png  
  inflating: land-train/172854_mask.png  
  inflating: land-train/589940_sat.jpg  
  inflating: land-train/808980_sat.jpg  
  inflating: land-train/434210_sat.jpg  
  inflating: land-train/673927_sat.jpg  
  inflating: land-train/19627_mask.png  
  inflating: land-train/888263_sat.jpg  
  inflating: land-train/544537_mask.png  
  inflating: land-train/525105_sat.jpg  
  inflating: land-train/358591_sat.jpg  
  inflating: land-train/291781_sat.jpg  
  inflating: land-train/607622_sat.jpg  
The device is  cuda
loaded dataset
8994 1927 1927
Splitted dataset
loaded vgg & resnet model
0 resnet torch.Size([8, 512])
--- 3.611093282699585 seconds ---
1 resnet torch.Size([8, 512])
--- 8.18479871749878 seconds ---
2 resnet torch.Size([8, 512])
--- 12.103108167648315 seconds ---
3 resnet torch.Size([8, 512])
--- 15.63996171951294 seconds ---
4 resnet torch.Size([8, 512])
--- 19.910715341567993 seconds ---
5 resnet torch.Size([8, 512])
--- 23.881314516067505 seconds ---
6 resnet torch.Size([8, 512])
--- 27.28866147994995 seconds ---
7 resnet torch.Size([8, 512])
--- 30.691702365875244 seconds ---
8 resnet torch.Size([8, 512])
--- 34.190834045410156 seconds ---
9 resnet torch.Size([8, 512])
--- 37.55856919288635 seconds ---
10 resnet torch.Size([8, 512])
--- 40.75828313827515 seconds ---
11 resnet torch.Size([8, 512])
--- 44.023985147476196 seconds ---
12 resnet torch.Size([8, 512])
--- 47.56211972236633 seconds ---
13 resnet torch.Size([8, 512])
--- 50.99838042259216 seconds ---
14 resnet torch.Size([8, 512])
--- 54.429373264312744 seconds ---
15 resnet torch.Size([8, 512])
--- 57.89952564239502 seconds ---
